min =  0.538522454077
max =  4.09568469606
# Repeat: 0
Generations :  14
Best Solution :  1.929890737
energy =  1.929890737
norm 0.391145578491
# Runtime: 3.777 secs
# Repeat: 1
Generations :  12
Best Solution :  2.41320198688
energy =  2.41320198688
norm 0.527015470556
# Runtime: 4.004 secs
# Repeat: 2
Generations :  14
Best Solution :  3.03944646308
energy =  3.03944646308
norm 0.703067175145
# Runtime: 5.667 secs
# Repeat: 3
Generations :  16
Best Solution :  3.77413755543
energy =  3.77413755543
norm 0.909605714119
# Runtime: 7.482 secs
==================================================

Starting Model = DTLZ5 Optimizer = GA No. of Decision = 10 No. of Objectives = 2

# Average: 7.482 secs
# Average Energy: 6.32708e-01
==================================================
min =  -2.7536475283
max =  15.6978490579
# Repeat: 0
Generations :  12
Best Solution :  5.90696125254
energy =  5.90696125254
norm 0.469371616574
# Runtime: 8.759 secs
# Repeat: 1
Generations :  15
Best Solution :  7.50976191914
energy =  7.50976191914
norm 0.556237235257
# Runtime: 12.942 secs
# Repeat: 2
Generations :  14
Best Solution :  5.31103621141
energy =  5.31103621141
norm 0.437074776133
# Runtime: 14.615 secs
# Repeat: 3
Generations :  12
Best Solution :  5.61394340345
energy =  5.61394340345
norm 0.453491178489
# Runtime: 13.894 secs
==================================================

Starting Model = DTLZ5 Optimizer = GA No. of Decision = 20 No. of Objectives = 2

# Average: 13.894 secs
# Average Energy: 4.79044e-01
==================================================
min =  -9.20042814609
max =  37.6424125466
# Repeat: 0
Generations :  13
Best Solution :  7.57668661628
energy =  7.57668661628
norm 0.358157501003
# Runtime: 22.275 secs
# Repeat: 1
Generations :  15
Best Solution :  9.93491459336
energy =  9.93491459336
norm 0.408500903372
# Runtime: 29.387 secs
# Repeat: 2
Generations :  16
Best Solution :  11.5282194664
energy =  11.5282194664
norm 0.442514743044
# Runtime: 38.720 secs
# Repeat: 3
Generations :  12
Best Solution :  13.8578891492
energy =  13.8578891492
norm 0.492248483532
# Runtime: 29.517 secs
==================================================

Starting Model = DTLZ5 Optimizer = GA No. of Decision = 40 No. of Objectives = 2

# Average: 29.517 secs
# Average Energy: 4.25355e-01
==================================================
min =  -46.1122224096
max =  88.2119230749
# Repeat: 0
Generations :  13
Best Solution :  6.29027944012
energy =  6.29027944012
norm 0.390119748469
# Runtime: 35.696 secs
# Repeat: 1
Generations :  11
Best Solution :  14.3025980779
energy =  14.3025980779
norm 0.449768880119
# Runtime: 30.595 secs
# Repeat: 2
Generations :  11
Best Solution :  10.5429169201
energy =  10.5429169201
norm 0.421779264817
# Runtime: 31.360 secs
# Repeat: 3
Generations :  11
Best Solution :  15.1857520469
energy =  15.1857520469
norm 0.456343676971
# Runtime: 32.042 secs
==================================================

Starting Model = DTLZ5 Optimizer = GA No. of Decision = 10 No. of Objectives = 4

# Average: 32.042 secs
# Average Energy: 4.29503e-01
==================================================
min =  -55.7453005341
max =  100.614114452
# Repeat: 0
Generations :  11
Best Solution :  18.1233733489
energy =  18.1233733489
norm 0.472428691866
# Runtime: 35.342 secs
# Repeat: 1
Generations :  14
Best Solution :  11.2301988684
energy =  11.2301988684
norm 0.428343246285
# Runtime: 48.345 secs
# Repeat: 2
Generations :  11
Best Solution :  23.3347032787
energy =  23.3347032787
norm 0.505757864467
# Runtime: 37.966 secs
# Repeat: 3
Generations :  12
Best Solution :  14.2915580416
energy =  14.2915580416
norm 0.447922234691
# Runtime: 44.387 secs
==================================================

Starting Model = DTLZ5 Optimizer = GA No. of Decision = 20 No. of Objectives = 4

# Average: 44.387 secs
# Average Energy: 4.63613e-01
==================================================
min =  -69.8371894933
max =  122.415926147
# Repeat: 0
Generations :  14
Best Solution :  12.3783606094
energy =  12.3783606094
norm 0.427642224829
# Runtime: 59.393 secs
# Repeat: 1
Generations :  11
Best Solution :  27.7583121038
energy =  27.7583121038
norm 0.507640676054
# Runtime: 50.615 secs
# Repeat: 2
Generations :  13
Best Solution :  22.9086349396
energy =  22.9086349396
norm 0.482415195843
# Runtime: 64.618 secs
# Repeat: 3
Generations :  11
Best Solution :  10.106712843
energy =  10.106712843
norm 0.415826303101
# Runtime: 57.096 secs
==================================================

Starting Model = DTLZ5 Optimizer = GA No. of Decision = 40 No. of Objectives = 4

# Average: 57.096 secs
# Average Energy: 4.58381e-01
==================================================
min =  -98.7337720981
max =  165.078048192
# Repeat: 0
Generations :  12
Best Solution :  19.359128736
energy =  19.359128736
norm 0.447640673206
# Runtime: 66.908 secs
# Repeat: 1
Generations :  12
Best Solution :  22.8082044572
energy =  22.8082044572
norm 0.46071467314
# Runtime: 67.244 secs
# Repeat: 2
Generations :  14
Best Solution :  40.0434450129
energy =  40.0434450129
norm 0.526046243715
# Runtime: 80.579 secs
# Repeat: 3
Generations :  11
Best Solution :  25.7981067888
energy =  25.7981067888
norm 0.472048139277
# Runtime: 62.928 secs
==================================================

Starting Model = DTLZ5 Optimizer = GA No. of Decision = 10 No. of Objectives = 6

# Average: 62.928 secs
# Average Energy: 4.76612e-01
==================================================
min =  -99.6329401735
max =  181.271662772
# Repeat: 0
Generations :  11
Best Solution :  36.247686302
energy =  36.247686302
norm 0.483725168797
# Runtime: 64.634 secs
# Repeat: 1
Generations :  12
Best Solution :  36.6023577317
energy =  36.6023577317
norm 0.484987773347
# Runtime: 74.016 secs
# Repeat: 2
Generations :  13
Best Solution :  39.6800416721
energy =  39.6800416721
norm 0.495944104813
# Runtime: 82.960 secs
# Repeat: 3
Generations :  11
Best Solution :  30.0727766105
energy =  30.0727766105
norm 0.461742938436
# Runtime: 71.026 secs
==================================================

Starting Model = DTLZ5 Optimizer = GA No. of Decision = 20 No. of Objectives = 6

# Average: 71.026 secs
# Average Energy: 4.81600e-01
==================================================
min =  -119.758134689
max =  212.383198083
# Repeat: 0
Generations :  10
Best Solution :  46.0776530862
energy =  46.0776530862
norm 0.499292835345
# Runtime: 69.240 secs
# Repeat: 1
Generations :  11
Best Solution :  35.0137964723
energy =  35.0137964723
norm 0.465982146423
# Runtime: 78.756 secs
# Repeat: 2
Generations :  10
Best Solution :  38.2932131872
energy =  38.2932131872
norm 0.475855704428
# Runtime: 74.622 secs
# Repeat: 3
Generations :  10
Best Solution :  43.4654071784
energy =  43.4654071784
norm 0.49142797286
# Runtime: 77.906 secs
==================================================

Starting Model = DTLZ5 Optimizer = GA No. of Decision = 40 No. of Objectives = 6

# Average: 77.906 secs
# Average Energy: 4.83140e-01
==================================================
min =  -141.56862613
max =  253.138987384
# Repeat: 0
Generations :  11
Best Solution :  94.095876872
energy =  94.095876872
norm 0.597060950773
# Runtime: 91.162 secs
# Repeat: 1
Generations :  10
Best Solution :  58.4189580949
energy =  58.4189580949
norm 0.50667273034
# Runtime: 86.702 secs
# Repeat: 2
Generations :  10
Best Solution :  38.9753800874
energy =  38.9753800874
norm 0.457412018507
# Runtime: 85.442 secs
# Repeat: 3
Generations :  10
Best Solution :  43.2666323762
energy =  43.2666323762
norm 0.468283995996
# Runtime: 83.461 secs
==================================================

Starting Model = DTLZ5 Optimizer = GA No. of Decision = 10 No. of Objectives = 8

# Average: 83.461 secs
# Average Energy: 5.07357e-01
==================================================
min =  -156.584553303
max =  301.270481748
# Repeat: 0
Generations :  10
Best Solution :  71.7690015175
energy =  71.7690015175
norm 0.498746409537
# Runtime: 87.159 secs
# Repeat: 1
Generations :  10
Best Solution :  51.1477436511
energy =  51.1477436511
norm 0.45370757347
# Runtime: 84.699 secs
# Repeat: 2
Generations :  10
Best Solution :  66.1680175459
energy =  66.1680175459
norm 0.486513314905
# Runtime: 91.765 secs
# Repeat: 3
Generations :  10
Best Solution :  71.3460973473
energy =  71.3460973473
norm 0.497822745631
# Runtime: 92.026 secs
==================================================

Starting Model = DTLZ5 Optimizer = GA No. of Decision = 20 No. of Objectives = 8

# Average: 92.026 secs
# Average Energy: 4.84198e-01
==================================================
min =  -144.40867223
max =  279.530346565
# Repeat: 0
Generations :  11
Best Solution :  45.8591916865
energy =  45.8591916865
norm 0.448809511465
# Runtime: 107.378 secs
# Repeat: 1
Generations :  10
Best Solution :  88.8659868081
energy =  88.8659868081
norm 0.550255222322
# Runtime: 101.604 secs
# Repeat: 2
Generations :  11
Best Solution :  62.0889683439
energy =  62.0889683439
norm 0.487092792639
# Runtime: 110.283 secs
# Repeat: 3
Generations :  11
Best Solution :  76.303655996
energy =  76.303655996
norm 0.520622821776
# Runtime: 113.026 secs
==================================================

Starting Model = DTLZ5 Optimizer = GA No. of Decision = 40 No. of Objectives = 8

# Average: 113.026 secs
# Average Energy: 5.01695e-01
==================================================